21.02.2024 00:19:00.549 [restartedMain] INFO  o.r.h.HotelProjectApplication - Starting HotelProjectApplication using Java 21.0.2 with PID 7232 (C:\HotelProjectApp\HotelProject\target\classes started by Tel-ran.de in C:\HotelProjectApp\HotelProject)
21.02.2024 00:19:00.564 [restartedMain] INFO  o.r.h.HotelProjectApplication - No active profile set, falling back to 1 default profile: "default"
21.02.2024 00:19:00.704 [restartedMain] INFO  o.s.b.d.e.DevToolsPropertyDefaultsPostProcessor - Devtools property defaults active! Set 'spring.devtools.add-properties' to 'false' to disable
21.02.2024 00:19:00.705 [restartedMain] INFO  o.s.b.d.e.DevToolsPropertyDefaultsPostProcessor - For additional web related logging consider setting the 'logging.level.web' property to 'DEBUG'
21.02.2024 00:19:02.943 [restartedMain] INFO  o.s.d.r.c.RepositoryConfigurationDelegate - Bootstrapping Spring Data JPA repositories in DEFAULT mode.
21.02.2024 00:19:03.060 [restartedMain] INFO  o.s.d.r.c.RepositoryConfigurationDelegate - Finished Spring Data repository scanning in 104 ms. Found 6 JPA repository interfaces.
21.02.2024 00:19:04.005 [restartedMain] INFO  o.s.b.w.e.t.TomcatWebServer - Tomcat initialized with port 8080 (http)
21.02.2024 00:19:04.024 [restartedMain] INFO  o.a.c.c.StandardService - Starting service [Tomcat]
21.02.2024 00:19:04.024 [restartedMain] INFO  o.a.c.c.StandardEngine - Starting Servlet engine: [Apache Tomcat/10.1.17]
21.02.2024 00:19:04.108 [restartedMain] INFO  o.a.c.c.C.[.[.[/] - Initializing Spring embedded WebApplicationContext
21.02.2024 00:19:04.108 [restartedMain] INFO  o.s.b.w.s.c.ServletWebServerApplicationContext - Root WebApplicationContext: initialization completed in 3402 ms
21.02.2024 00:19:04.355 [restartedMain] INFO  c.z.h.HikariDataSource - HikariPool-1 - Starting...
21.02.2024 00:19:05.187 [restartedMain] INFO  c.z.h.p.HikariPool - HikariPool-1 - Added connection com.mysql.cj.jdbc.ConnectionImpl@9c22612
21.02.2024 00:19:05.190 [restartedMain] INFO  c.z.h.HikariDataSource - HikariPool-1 - Start completed.
21.02.2024 00:19:05.862 [restartedMain] INFO  l.lockservice - Successfully acquired change log lock
21.02.2024 00:19:05.874 [restartedMain] INFO  liquibase.command - Dropping Database Objects in schema: 300523_m_be_hotel.300523_m_be_hotel
21.02.2024 00:19:06.833 [restartedMain] INFO  liquibase.database - Successfully deleted all supported object types in schema 300523_m_be_hotel.300523_m_be_hotel.
21.02.2024 00:19:06.875 [restartedMain] WARN  l.lockservice - Failed to release change log lock
21.02.2024 00:19:06.879 [restartedMain] INFO  liquibase.ui - All objects dropped from root@localhost@jdbc:mysql://localhost:3306/300523_m_be_hotel
21.02.2024 00:19:06.880 [restartedMain] INFO  liquibase.command - Command execution complete
21.02.2024 00:19:07.510 [restartedMain] INFO  liquibase.changelog - Creating database history table with name: `300523_m_be_hotel`.databasechangelog
21.02.2024 00:19:07.561 [restartedMain] INFO  liquibase.changelog - Reading from `300523_m_be_hotel`.databasechangelog
21.02.2024 00:19:07.689 [restartedMain] WARN  liquibase.changelog - liquibase.statement.core.CreateSequenceStatement is not supported on mysql, but createSequence will still execute
21.02.2024 00:19:07.722 [restartedMain] WARN  liquibase.changelog - liquibase.statement.core.CreateSequenceStatement is not supported on mysql, but createSequence will still execute
21.02.2024 00:19:07.742 [restartedMain] INFO  l.lockservice - Successfully acquired change log lock
21.02.2024 00:19:07.743 [restartedMain] INFO  liquibase.command - Using deploymentId: 8471147742
21.02.2024 00:19:07.748 [restartedMain] INFO  liquibase.changelog - Reading from `300523_m_be_hotel`.databasechangelog
21.02.2024 00:19:07.839 [restartedMain] INFO  liquibase.ui - Running Changeset: db/changelog/changes/v0.0.1-SNAPSHOT/drop-tables-changelog.xml::drop reservation table::b.ruzmetov
21.02.2024 00:19:07.859 [restartedMain] INFO  liquibase.changelog - Marking ChangeSet: "db/changelog/changes/v0.0.1-SNAPSHOT/drop-tables-changelog.xml::drop reservation table::b.ruzmetov" as ran despite precondition failure due to onFail='MARK_RAN': 
          db/changelog/changelog-master.xml : Table `300523_m_be_hotel`.reservation does not exist

21.02.2024 00:19:07.868 [restartedMain] INFO  liquibase.ui - Running Changeset: db/changelog/changes/v0.0.1-SNAPSHOT/drop-tables-changelog.xml::drop payment table::b.ruzmetov
21.02.2024 00:19:07.886 [restartedMain] INFO  liquibase.changelog - Marking ChangeSet: "db/changelog/changes/v0.0.1-SNAPSHOT/drop-tables-changelog.xml::drop payment table::b.ruzmetov" as ran despite precondition failure due to onFail='MARK_RAN': 
          db/changelog/changelog-master.xml : Table `300523_m_be_hotel`.payment does not exist

21.02.2024 00:19:07.893 [restartedMain] INFO  liquibase.ui - Running Changeset: db/changelog/changes/v0.0.1-SNAPSHOT/drop-tables-changelog.xml::drop service table::b.ruzmetov
21.02.2024 00:19:07.909 [restartedMain] INFO  liquibase.changelog - Marking ChangeSet: "db/changelog/changes/v0.0.1-SNAPSHOT/drop-tables-changelog.xml::drop service table::b.ruzmetov" as ran despite precondition failure due to onFail='MARK_RAN': 
          db/changelog/changelog-master.xml : Table `300523_m_be_hotel`.service does not exist

21.02.2024 00:19:07.916 [restartedMain] INFO  liquibase.ui - Running Changeset: db/changelog/changes/v0.0.1-SNAPSHOT/drop-tables-changelog.xml::drop room table::b.ruzmetov
21.02.2024 00:19:07.936 [restartedMain] INFO  liquibase.changelog - Marking ChangeSet: "db/changelog/changes/v0.0.1-SNAPSHOT/drop-tables-changelog.xml::drop room table::b.ruzmetov" as ran despite precondition failure due to onFail='MARK_RAN': 
          db/changelog/changelog-master.xml : Table `300523_m_be_hotel`.room does not exist

21.02.2024 00:19:07.944 [restartedMain] INFO  liquibase.ui - Running Changeset: db/changelog/changes/v0.0.1-SNAPSHOT/drop-tables-changelog.xml::drop event table::b.ruzmetov
21.02.2024 00:19:07.965 [restartedMain] INFO  liquibase.changelog - Marking ChangeSet: "db/changelog/changes/v0.0.1-SNAPSHOT/drop-tables-changelog.xml::drop event table::b.ruzmetov" as ran despite precondition failure due to onFail='MARK_RAN': 
          db/changelog/changelog-master.xml : Table `300523_m_be_hotel`.event does not exist

21.02.2024 00:19:07.976 [restartedMain] INFO  liquibase.ui - Running Changeset: db/changelog/changes/v0.0.1-SNAPSHOT/drop-tables-changelog.xml::drop customer table::b.ruzmetov
21.02.2024 00:19:07.998 [restartedMain] INFO  liquibase.changelog - Marking ChangeSet: "db/changelog/changes/v0.0.1-SNAPSHOT/drop-tables-changelog.xml::drop customer table::b.ruzmetov" as ran despite precondition failure due to onFail='MARK_RAN': 
          db/changelog/changelog-master.xml : Table `300523_m_be_hotel`.customer does not exist

21.02.2024 00:19:08.008 [restartedMain] INFO  liquibase.ui - Running Changeset: db/changelog/changes/v0.0.1-SNAPSHOT/create-tables-changelog.xml::create room table::b.ruzmetov
21.02.2024 00:19:08.058 [restartedMain] INFO  liquibase.changelog - Table room created
21.02.2024 00:19:08.060 [restartedMain] INFO  liquibase.changelog - ChangeSet db/changelog/changes/v0.0.1-SNAPSHOT/create-tables-changelog.xml::create room table::b.ruzmetov ran successfully in 51ms
21.02.2024 00:19:08.067 [restartedMain] INFO  liquibase.ui - Running Changeset: db/changelog/changes/v0.0.1-SNAPSHOT/create-tables-changelog.xml::create service table::b.ruzmetov
21.02.2024 00:19:08.106 [restartedMain] INFO  liquibase.changelog - Table service created
21.02.2024 00:19:08.107 [restartedMain] INFO  liquibase.changelog - ChangeSet db/changelog/changes/v0.0.1-SNAPSHOT/create-tables-changelog.xml::create service table::b.ruzmetov ran successfully in 39ms
21.02.2024 00:19:08.114 [restartedMain] INFO  liquibase.ui - Running Changeset: db/changelog/changes/v0.0.1-SNAPSHOT/create-tables-changelog.xml::create event table::b.ruzmetov
21.02.2024 00:19:08.158 [restartedMain] INFO  liquibase.changelog - Table event created
21.02.2024 00:19:08.159 [restartedMain] INFO  liquibase.changelog - ChangeSet db/changelog/changes/v0.0.1-SNAPSHOT/create-tables-changelog.xml::create event table::b.ruzmetov ran successfully in 44ms
21.02.2024 00:19:08.170 [restartedMain] INFO  liquibase.ui - Running Changeset: db/changelog/changes/v0.0.1-SNAPSHOT/create-tables-changelog.xml::create customer table::b.ruzmetov
21.02.2024 00:19:08.225 [restartedMain] INFO  liquibase.changelog - Table customer created
21.02.2024 00:19:08.226 [restartedMain] INFO  liquibase.changelog - ChangeSet db/changelog/changes/v0.0.1-SNAPSHOT/create-tables-changelog.xml::create customer table::b.ruzmetov ran successfully in 56ms
21.02.2024 00:19:08.235 [restartedMain] INFO  liquibase.ui - Running Changeset: db/changelog/changes/v0.0.1-SNAPSHOT/create-tables-changelog.xml::create payment table::b.ruzmetov
21.02.2024 00:19:08.281 [restartedMain] INFO  liquibase.changelog - Table payment created
21.02.2024 00:19:08.281 [restartedMain] INFO  liquibase.changelog - ChangeSet db/changelog/changes/v0.0.1-SNAPSHOT/create-tables-changelog.xml::create payment table::b.ruzmetov ran successfully in 45ms
21.02.2024 00:19:08.288 [restartedMain] INFO  liquibase.ui - Running Changeset: db/changelog/changes/v0.0.1-SNAPSHOT/create-tables-changelog.xml::create reservation table::b.ruzmetov
21.02.2024 00:19:08.328 [restartedMain] INFO  liquibase.changelog - Table reservation created
21.02.2024 00:19:08.329 [restartedMain] INFO  liquibase.changelog - ChangeSet db/changelog/changes/v0.0.1-SNAPSHOT/create-tables-changelog.xml::create reservation table::b.ruzmetov ran successfully in 41ms
21.02.2024 00:19:08.336 [restartedMain] INFO  liquibase.ui - Running Changeset: db/changelog/changes/v0.0.1-SNAPSHOT/create-sequence.xml::create sequence for UUID generator::b.ruzmetov
21.02.2024 00:19:08.337 [restartedMain] INFO  liquibase.changelog - Sequence seq_for_uuid_generator created
21.02.2024 00:19:08.338 [restartedMain] INFO  liquibase.changelog - ChangeSet db/changelog/changes/v0.0.1-SNAPSHOT/create-sequence.xml::create sequence for UUID generator::b.ruzmetov ran successfully in 2ms
21.02.2024 00:19:08.346 [restartedMain] INFO  liquibase.ui - Running Changeset: db/changelog/changes/v0.0.1-SNAPSHOT/insert_test_data_changelog_1.xml::insert test data into service table::b.ruzmetov
21.02.2024 00:19:08.354 [restartedMain] INFO  liquibase.changelog - New row inserted into service
21.02.2024 00:19:08.356 [restartedMain] INFO  liquibase.changelog - ChangeSet db/changelog/changes/v0.0.1-SNAPSHOT/insert_test_data_changelog_1.xml::insert test data into service table::b.ruzmetov ran successfully in 10ms
21.02.2024 00:19:08.363 [restartedMain] INFO  liquibase.ui - Running Changeset: db/changelog/changes/v0.0.1-SNAPSHOT/insert_test_data_changelog_1.xml::insert test data into room table::b.ruzmetov
21.02.2024 00:19:08.373 [restartedMain] INFO  liquibase.changelog - New row inserted into room
21.02.2024 00:19:08.375 [restartedMain] INFO  liquibase.changelog - ChangeSet db/changelog/changes/v0.0.1-SNAPSHOT/insert_test_data_changelog_1.xml::insert test data into room table::b.ruzmetov ran successfully in 11ms
21.02.2024 00:19:08.385 [restartedMain] INFO  liquibase.ui - Running Changeset: db/changelog/changes/v0.0.1-SNAPSHOT/insert_test_data_changelog_1.xml::insert test data into event table::b.ruzmetov
21.02.2024 00:19:08.393 [restartedMain] INFO  liquibase.changelog - New row inserted into event
21.02.2024 00:19:08.396 [restartedMain] INFO  liquibase.changelog - ChangeSet db/changelog/changes/v0.0.1-SNAPSHOT/insert_test_data_changelog_1.xml::insert test data into event table::b.ruzmetov ran successfully in 10ms
21.02.2024 00:19:08.406 [restartedMain] INFO  liquibase.ui - Running Changeset: db/changelog/changes/v0.0.1-SNAPSHOT/insert_test_data_changelog_1.xml::insert test data into customer table::b.ruzmetov
21.02.2024 00:19:08.418 [restartedMain] INFO  liquibase.changelog - New row inserted into customer
21.02.2024 00:19:08.421 [restartedMain] INFO  liquibase.changelog - ChangeSet db/changelog/changes/v0.0.1-SNAPSHOT/insert_test_data_changelog_1.xml::insert test data into customer table::b.ruzmetov ran successfully in 12ms
21.02.2024 00:19:08.432 [restartedMain] INFO  liquibase.ui - Running Changeset: db/changelog/changes/v0.0.1-SNAPSHOT/insert_test_data_changelog_1.xml::insert test data into payment table::b.ruzmetov
21.02.2024 00:19:08.438 [restartedMain] INFO  liquibase.changelog - New row inserted into payment
21.02.2024 00:19:08.441 [restartedMain] INFO  liquibase.changelog - ChangeSet db/changelog/changes/v0.0.1-SNAPSHOT/insert_test_data_changelog_1.xml::insert test data into payment table::b.ruzmetov ran successfully in 9ms
21.02.2024 00:19:08.449 [restartedMain] INFO  liquibase.ui - Running Changeset: db/changelog/changes/v0.0.1-SNAPSHOT/insert_test_data_changelog_1.xml::insert test data into reservation table::b.ruzmetov
21.02.2024 00:19:08.459 [restartedMain] INFO  liquibase.changelog - New row inserted into reservation
21.02.2024 00:19:08.463 [restartedMain] INFO  liquibase.changelog - ChangeSet db/changelog/changes/v0.0.1-SNAPSHOT/insert_test_data_changelog_1.xml::insert test data into reservation table::b.ruzmetov ran successfully in 13ms
21.02.2024 00:19:08.471 [restartedMain] INFO  liquibase.ui - Running Changeset: db/changelog/changes/v0.0.1-SNAPSHOT/insert_test_data_changelog_2.xml::insert test data into service table::b.ruzmetov
21.02.2024 00:19:08.475 [restartedMain] INFO  liquibase.changelog - New row inserted into service
21.02.2024 00:19:08.478 [restartedMain] INFO  liquibase.changelog - ChangeSet db/changelog/changes/v0.0.1-SNAPSHOT/insert_test_data_changelog_2.xml::insert test data into service table::b.ruzmetov ran successfully in 6ms
21.02.2024 00:19:08.485 [restartedMain] INFO  liquibase.ui - Running Changeset: db/changelog/changes/v0.0.1-SNAPSHOT/insert_test_data_changelog_2.xml::insert test data into room table::b.ruzmetov
21.02.2024 00:19:08.489 [restartedMain] INFO  liquibase.changelog - New row inserted into room
21.02.2024 00:19:08.491 [restartedMain] INFO  liquibase.changelog - ChangeSet db/changelog/changes/v0.0.1-SNAPSHOT/insert_test_data_changelog_2.xml::insert test data into room table::b.ruzmetov ran successfully in 6ms
21.02.2024 00:19:08.498 [restartedMain] INFO  liquibase.ui - Running Changeset: db/changelog/changes/v0.0.1-SNAPSHOT/insert_test_data_changelog_2.xml::insert test data into event table::b.ruzmetov
21.02.2024 00:19:08.502 [restartedMain] INFO  liquibase.changelog - New row inserted into event
21.02.2024 00:19:08.505 [restartedMain] INFO  liquibase.changelog - ChangeSet db/changelog/changes/v0.0.1-SNAPSHOT/insert_test_data_changelog_2.xml::insert test data into event table::b.ruzmetov ran successfully in 6ms
21.02.2024 00:19:08.512 [restartedMain] INFO  liquibase.ui - Running Changeset: db/changelog/changes/v0.0.1-SNAPSHOT/insert_test_data_changelog_2.xml::insert test data into customer table::b.ruzmetov
21.02.2024 00:19:08.515 [restartedMain] INFO  liquibase.changelog - New row inserted into customer
21.02.2024 00:19:08.518 [restartedMain] INFO  liquibase.changelog - ChangeSet db/changelog/changes/v0.0.1-SNAPSHOT/insert_test_data_changelog_2.xml::insert test data into customer table::b.ruzmetov ran successfully in 6ms
21.02.2024 00:19:08.524 [restartedMain] INFO  liquibase.ui - Running Changeset: db/changelog/changes/v0.0.1-SNAPSHOT/insert_test_data_changelog_2.xml::insert test data into payment table::b.ruzmetov
21.02.2024 00:19:08.527 [restartedMain] INFO  liquibase.changelog - New row inserted into payment
21.02.2024 00:19:08.530 [restartedMain] INFO  liquibase.changelog - ChangeSet db/changelog/changes/v0.0.1-SNAPSHOT/insert_test_data_changelog_2.xml::insert test data into payment table::b.ruzmetov ran successfully in 6ms
21.02.2024 00:19:08.536 [restartedMain] INFO  liquibase.ui - Running Changeset: db/changelog/changes/v0.0.1-SNAPSHOT/insert_test_data_changelog_2.xml::insert test data into reservation table::b.ruzmetov
21.02.2024 00:19:08.540 [restartedMain] INFO  liquibase.changelog - New row inserted into reservation
21.02.2024 00:19:08.543 [restartedMain] INFO  liquibase.changelog - ChangeSet db/changelog/changes/v0.0.1-SNAPSHOT/insert_test_data_changelog_2.xml::insert test data into reservation table::b.ruzmetov ran successfully in 6ms
21.02.2024 00:19:08.558 [restartedMain] INFO  liquibase.ui - Running Changeset: db/changelog/changes/v0.0.1-SNAPSHOT/insert_test_data_changelog_3.xml::insert test data into service table::b.ruzmetov
21.02.2024 00:19:08.564 [restartedMain] INFO  liquibase.changelog - New row inserted into service
21.02.2024 00:19:08.567 [restartedMain] INFO  liquibase.changelog - ChangeSet db/changelog/changes/v0.0.1-SNAPSHOT/insert_test_data_changelog_3.xml::insert test data into service table::b.ruzmetov ran successfully in 9ms
21.02.2024 00:19:08.576 [restartedMain] INFO  liquibase.ui - Running Changeset: db/changelog/changes/v0.0.1-SNAPSHOT/insert_test_data_changelog_3.xml::insert test data into room table::b.ruzmetov
21.02.2024 00:19:08.581 [restartedMain] INFO  liquibase.changelog - New row inserted into room
21.02.2024 00:19:08.583 [restartedMain] INFO  liquibase.changelog - ChangeSet db/changelog/changes/v0.0.1-SNAPSHOT/insert_test_data_changelog_3.xml::insert test data into room table::b.ruzmetov ran successfully in 6ms
21.02.2024 00:19:08.591 [restartedMain] INFO  liquibase.ui - Running Changeset: db/changelog/changes/v0.0.1-SNAPSHOT/insert_test_data_changelog_3.xml::insert test data into event table::b.ruzmetov
21.02.2024 00:19:08.596 [restartedMain] INFO  liquibase.changelog - New row inserted into event
21.02.2024 00:19:08.599 [restartedMain] INFO  liquibase.changelog - ChangeSet db/changelog/changes/v0.0.1-SNAPSHOT/insert_test_data_changelog_3.xml::insert test data into event table::b.ruzmetov ran successfully in 7ms
21.02.2024 00:19:08.605 [restartedMain] INFO  liquibase.ui - Running Changeset: db/changelog/changes/v0.0.1-SNAPSHOT/insert_test_data_changelog_3.xml::insert test data into customer table::b.ruzmetov
21.02.2024 00:19:08.610 [restartedMain] INFO  liquibase.changelog - New row inserted into customer
21.02.2024 00:19:08.614 [restartedMain] INFO  liquibase.changelog - ChangeSet db/changelog/changes/v0.0.1-SNAPSHOT/insert_test_data_changelog_3.xml::insert test data into customer table::b.ruzmetov ran successfully in 7ms
21.02.2024 00:19:08.620 [restartedMain] INFO  liquibase.ui - Running Changeset: db/changelog/changes/v0.0.1-SNAPSHOT/insert_test_data_changelog_3.xml::insert test data into payment table::b.ruzmetov
21.02.2024 00:19:08.625 [restartedMain] INFO  liquibase.changelog - New row inserted into payment
21.02.2024 00:19:08.628 [restartedMain] INFO  liquibase.changelog - ChangeSet db/changelog/changes/v0.0.1-SNAPSHOT/insert_test_data_changelog_3.xml::insert test data into payment table::b.ruzmetov ran successfully in 7ms
21.02.2024 00:19:08.636 [restartedMain] INFO  liquibase.ui - Running Changeset: db/changelog/changes/v0.0.1-SNAPSHOT/insert_test_data_changelog_3.xml::insert test data into reservation table::b.ruzmetov
21.02.2024 00:19:08.640 [restartedMain] INFO  liquibase.changelog - New row inserted into reservation
21.02.2024 00:19:08.643 [restartedMain] INFO  liquibase.changelog - ChangeSet db/changelog/changes/v0.0.1-SNAPSHOT/insert_test_data_changelog_3.xml::insert test data into reservation table::b.ruzmetov ran successfully in 7ms
21.02.2024 00:19:08.652 [restartedMain] INFO  liquibase.ui - Running Changeset: db/changelog/changes/v0.0.1-SNAPSHOT/insert_test_data_changelog_4.xml::insert test data into service table::b.ruzmetov
21.02.2024 00:19:08.658 [restartedMain] INFO  liquibase.changelog - New row inserted into service
21.02.2024 00:19:08.661 [restartedMain] INFO  liquibase.changelog - ChangeSet db/changelog/changes/v0.0.1-SNAPSHOT/insert_test_data_changelog_4.xml::insert test data into service table::b.ruzmetov ran successfully in 9ms
21.02.2024 00:19:08.671 [restartedMain] INFO  liquibase.ui - Running Changeset: db/changelog/changes/v0.0.1-SNAPSHOT/insert_test_data_changelog_4.xml::insert test data into room table::b.ruzmetov
21.02.2024 00:19:08.676 [restartedMain] INFO  liquibase.changelog - New row inserted into room
21.02.2024 00:19:08.679 [restartedMain] INFO  liquibase.changelog - ChangeSet db/changelog/changes/v0.0.1-SNAPSHOT/insert_test_data_changelog_4.xml::insert test data into room table::b.ruzmetov ran successfully in 8ms
21.02.2024 00:19:08.687 [restartedMain] INFO  liquibase.ui - Running Changeset: db/changelog/changes/v0.0.1-SNAPSHOT/insert_test_data_changelog_4.xml::insert test data into event table::b.ruzmetov
21.02.2024 00:19:08.691 [restartedMain] INFO  liquibase.changelog - New row inserted into event
21.02.2024 00:19:08.694 [restartedMain] INFO  liquibase.changelog - ChangeSet db/changelog/changes/v0.0.1-SNAPSHOT/insert_test_data_changelog_4.xml::insert test data into event table::b.ruzmetov ran successfully in 7ms
21.02.2024 00:19:08.701 [restartedMain] INFO  liquibase.ui - Running Changeset: db/changelog/changes/v0.0.1-SNAPSHOT/insert_test_data_changelog_4.xml::insert test data into customer table::b.ruzmetov
21.02.2024 00:19:08.704 [restartedMain] INFO  liquibase.changelog - New row inserted into customer
21.02.2024 00:19:08.706 [restartedMain] INFO  liquibase.changelog - ChangeSet db/changelog/changes/v0.0.1-SNAPSHOT/insert_test_data_changelog_4.xml::insert test data into customer table::b.ruzmetov ran successfully in 5ms
21.02.2024 00:19:08.713 [restartedMain] INFO  liquibase.ui - Running Changeset: db/changelog/changes/v0.0.1-SNAPSHOT/insert_test_data_changelog_4.xml::insert test data into payment table::b.ruzmetov
21.02.2024 00:19:08.717 [restartedMain] INFO  liquibase.changelog - New row inserted into payment
21.02.2024 00:19:08.720 [restartedMain] INFO  liquibase.changelog - ChangeSet db/changelog/changes/v0.0.1-SNAPSHOT/insert_test_data_changelog_4.xml::insert test data into payment table::b.ruzmetov ran successfully in 6ms
21.02.2024 00:19:08.745 [restartedMain] INFO  liquibase.ui - Running Changeset: db/changelog/changes/v0.0.1-SNAPSHOT/insert_test_data_changelog_4.xml::insert test data into reservation table::b.ruzmetov
21.02.2024 00:19:08.752 [restartedMain] INFO  liquibase.changelog - New row inserted into reservation
21.02.2024 00:19:08.754 [restartedMain] INFO  liquibase.changelog - ChangeSet db/changelog/changes/v0.0.1-SNAPSHOT/insert_test_data_changelog_4.xml::insert test data into reservation table::b.ruzmetov ran successfully in 8ms
21.02.2024 00:19:08.768 [restartedMain] INFO  liquibase.util - UPDATE SUMMARY
21.02.2024 00:19:08.768 [restartedMain] INFO  liquibase.util - Run:                         37
21.02.2024 00:19:08.768 [restartedMain] INFO  liquibase.util - Previously run:               0
21.02.2024 00:19:08.768 [restartedMain] INFO  liquibase.util - Filtered out:                 0
21.02.2024 00:19:08.768 [restartedMain] INFO  liquibase.util - -------------------------------
21.02.2024 00:19:08.768 [restartedMain] INFO  liquibase.util - Total change sets:           37
21.02.2024 00:19:08.769 [restartedMain] INFO  liquibase.util - Update summary generated
21.02.2024 00:19:08.774 [restartedMain] INFO  liquibase.command - Update command completed successfully.
21.02.2024 00:19:08.775 [restartedMain] INFO  liquibase.ui - Liquibase: Update has been successful. Rows affected: 61
21.02.2024 00:19:08.781 [restartedMain] INFO  l.lockservice - Successfully released change log lock
21.02.2024 00:19:08.781 [restartedMain] INFO  liquibase.command - Command execution complete
21.02.2024 00:19:08.968 [restartedMain] INFO  o.h.j.i.u.LogHelper - HHH000204: Processing PersistenceUnitInfo [name: default]
21.02.2024 00:19:09.122 [restartedMain] INFO  o.hibernate.Version - HHH000412: Hibernate ORM core version 6.4.1.Final
21.02.2024 00:19:09.185 [restartedMain] INFO  o.h.c.i.RegionFactoryInitiator - HHH000026: Second-level cache disabled
21.02.2024 00:19:09.616 [restartedMain] INFO  o.s.o.j.p.SpringPersistenceUnitInfo - No LoadTimeWeaver setup: ignoring JPA class transformer
21.02.2024 00:19:09.698 [restartedMain] WARN  o.h.orm.deprecation - HHH90000025: MySQLDialect does not need to be specified explicitly using 'hibernate.dialect' (remove the property setting and it will be selected by default)
21.02.2024 00:19:11.316 [restartedMain] INFO  o.h.e.t.j.p.i.JtaPlatformInitiator - HHH000489: No JTA platform available (set 'hibernate.transaction.jta.platform' to enable JTA platform integration)
21.02.2024 00:19:11.320 [restartedMain] INFO  o.s.o.j.LocalContainerEntityManagerFactoryBean - Initialized JPA EntityManagerFactory for persistence unit 'default'
21.02.2024 00:19:12.144 [restartedMain] WARN  o.s.b.w.s.c.AnnotationConfigServletWebServerApplicationContext - Exception encountered during context initialization - cancelling refresh attempt: org.springframework.beans.factory.UnsatisfiedDependencyException: Error creating bean with name 'serviceController' defined in file [C:\HotelProjectApp\HotelProject\target\classes\org\ruzmetov\hotelproject\controller\rest\ServiceController.class]: Unsatisfied dependency expressed through constructor parameter 0: Error creating bean with name 'serviceServiceImpl' defined in file [C:\HotelProjectApp\HotelProject\target\classes\org\ruzmetov\hotelproject\service\impl\ServiceServiceImpl.class]: Unsatisfied dependency expressed through constructor parameter 0: Error creating bean with name 'serviceRepository' defined in org.ruzmetov.hotelproject.repository.ServiceRepository defined in @EnableJpaRepositories declared on JpaRepositoriesRegistrar.EnableJpaRepositoriesConfiguration: Could not create query for public abstract org.ruzmetov.hotelproject.entity.Service org.ruzmetov.hotelproject.repository.ServiceRepository.save(); Reason: Failed to create query for method public abstract org.ruzmetov.hotelproject.entity.Service org.ruzmetov.hotelproject.repository.ServiceRepository.save(); No property 'save' found for type 'Service'
21.02.2024 00:19:12.144 [restartedMain] INFO  o.s.o.j.LocalContainerEntityManagerFactoryBean - Closing JPA EntityManagerFactory for persistence unit 'default'
21.02.2024 00:19:12.148 [restartedMain] INFO  c.z.h.HikariDataSource - HikariPool-1 - Shutdown initiated...
21.02.2024 00:19:12.157 [restartedMain] INFO  c.z.h.HikariDataSource - HikariPool-1 - Shutdown completed.
21.02.2024 00:19:12.160 [restartedMain] INFO  o.a.c.c.StandardService - Stopping service [Tomcat]
21.02.2024 00:19:12.175 [restartedMain] INFO  o.s.b.a.l.ConditionEvaluationReportLogger - 

Error starting ApplicationContext. To display the condition evaluation report re-run your application with 'debug' enabled.
21.02.2024 00:19:12.214 [restartedMain] ERROR o.s.b.SpringApplication - Application run failed
org.springframework.beans.factory.UnsatisfiedDependencyException: Error creating bean with name 'serviceController' defined in file [C:\HotelProjectApp\HotelProject\target\classes\org\ruzmetov\hotelproject\controller\rest\ServiceController.class]: Unsatisfied dependency expressed through constructor parameter 0: Error creating bean with name 'serviceServiceImpl' defined in file [C:\HotelProjectApp\HotelProject\target\classes\org\ruzmetov\hotelproject\service\impl\ServiceServiceImpl.class]: Unsatisfied dependency expressed through constructor parameter 0: Error creating bean with name 'serviceRepository' defined in org.ruzmetov.hotelproject.repository.ServiceRepository defined in @EnableJpaRepositories declared on JpaRepositoriesRegistrar.EnableJpaRepositoriesConfiguration: Could not create query for public abstract org.ruzmetov.hotelproject.entity.Service org.ruzmetov.hotelproject.repository.ServiceRepository.save(); Reason: Failed to create query for method public abstract org.ruzmetov.hotelproject.entity.Service org.ruzmetov.hotelproject.repository.ServiceRepository.save(); No property 'save' found for type 'Service'
	at org.springframework.beans.factory.support.ConstructorResolver.createArgumentArray(ConstructorResolver.java:802)
	at org.springframework.beans.factory.support.ConstructorResolver.autowireConstructor(ConstructorResolver.java:241)
	at org.springframework.beans.factory.support.AbstractAutowireCapableBeanFactory.autowireConstructor(AbstractAutowireCapableBeanFactory.java:1354)
	at org.springframework.beans.factory.support.AbstractAutowireCapableBeanFactory.createBeanInstance(AbstractAutowireCapableBeanFactory.java:1191)
	at org.springframework.beans.factory.support.AbstractAutowireCapableBeanFactory.doCreateBean(AbstractAutowireCapableBeanFactory.java:561)
	at org.springframework.beans.factory.support.AbstractAutowireCapableBeanFactory.createBean(AbstractAutowireCapableBeanFactory.java:521)
	at org.springframework.beans.factory.support.AbstractBeanFactory.lambda$doGetBean$0(AbstractBeanFactory.java:325)
	at org.springframework.beans.factory.support.DefaultSingletonBeanRegistry.getSingleton(DefaultSingletonBeanRegistry.java:234)
	at org.springframework.beans.factory.support.AbstractBeanFactory.doGetBean(AbstractBeanFactory.java:323)
	at org.springframework.beans.factory.support.AbstractBeanFactory.getBean(AbstractBeanFactory.java:199)
	at org.springframework.beans.factory.support.DefaultListableBeanFactory.preInstantiateSingletons(DefaultListableBeanFactory.java:975)
	at org.springframework.context.support.AbstractApplicationContext.finishBeanFactoryInitialization(AbstractApplicationContext.java:960)
	at org.springframework.context.support.AbstractApplicationContext.refresh(AbstractApplicationContext.java:625)
	at org.springframework.boot.web.servlet.context.ServletWebServerApplicationContext.refresh(ServletWebServerApplicationContext.java:146)
	at org.springframework.boot.SpringApplication.refresh(SpringApplication.java:762)
	at org.springframework.boot.SpringApplication.refreshContext(SpringApplication.java:464)
	at org.springframework.boot.SpringApplication.run(SpringApplication.java:334)
	at org.springframework.boot.SpringApplication.run(SpringApplication.java:1358)
	at org.springframework.boot.SpringApplication.run(SpringApplication.java:1347)
	at org.ruzmetov.hotelproject.HotelProjectApplication.main(HotelProjectApplication.java:10)
	at java.base/jdk.internal.reflect.DirectMethodHandleAccessor.invoke(DirectMethodHandleAccessor.java:103)
	at java.base/java.lang.reflect.Method.invoke(Method.java:580)
	at org.springframework.boot.devtools.restart.RestartLauncher.run(RestartLauncher.java:50)
Caused by: org.springframework.beans.factory.UnsatisfiedDependencyException: Error creating bean with name 'serviceServiceImpl' defined in file [C:\HotelProjectApp\HotelProject\target\classes\org\ruzmetov\hotelproject\service\impl\ServiceServiceImpl.class]: Unsatisfied dependency expressed through constructor parameter 0: Error creating bean with name 'serviceRepository' defined in org.ruzmetov.hotelproject.repository.ServiceRepository defined in @EnableJpaRepositories declared on JpaRepositoriesRegistrar.EnableJpaRepositoriesConfiguration: Could not create query for public abstract org.ruzmetov.hotelproject.entity.Service org.ruzmetov.hotelproject.repository.ServiceRepository.save(); Reason: Failed to create query for method public abstract org.ruzmetov.hotelproject.entity.Service org.ruzmetov.hotelproject.repository.ServiceRepository.save(); No property 'save' found for type 'Service'
	at org.springframework.beans.factory.support.ConstructorResolver.createArgumentArray(ConstructorResolver.java:802)
	at org.springframework.beans.factory.support.ConstructorResolver.autowireConstructor(ConstructorResolver.java:241)
	at org.springframework.beans.factory.support.AbstractAutowireCapableBeanFactory.autowireConstructor(AbstractAutowireCapableBeanFactory.java:1354)
	at org.springframework.beans.factory.support.AbstractAutowireCapableBeanFactory.createBeanInstance(AbstractAutowireCapableBeanFactory.java:1191)
	at org.springframework.beans.factory.support.AbstractAutowireCapableBeanFactory.doCreateBean(AbstractAutowireCapableBeanFactory.java:561)
	at org.springframework.beans.factory.support.AbstractAutowireCapableBeanFactory.createBean(AbstractAutowireCapableBeanFactory.java:521)
	at org.springframework.beans.factory.support.AbstractBeanFactory.lambda$doGetBean$0(AbstractBeanFactory.java:325)
	at org.springframework.beans.factory.support.DefaultSingletonBeanRegistry.getSingleton(DefaultSingletonBeanRegistry.java:234)
	at org.springframework.beans.factory.support.AbstractBeanFactory.doGetBean(AbstractBeanFactory.java:323)
	at org.springframework.beans.factory.support.AbstractBeanFactory.getBean(AbstractBeanFactory.java:199)
	at org.springframework.beans.factory.config.DependencyDescriptor.resolveCandidate(DependencyDescriptor.java:254)
	at org.springframework.beans.factory.support.DefaultListableBeanFactory.doResolveDependency(DefaultListableBeanFactory.java:1443)
	at org.springframework.beans.factory.support.DefaultListableBeanFactory.resolveDependency(DefaultListableBeanFactory.java:1353)
	at org.springframework.beans.factory.support.ConstructorResolver.resolveAutowiredArgument(ConstructorResolver.java:911)
	at org.springframework.beans.factory.support.ConstructorResolver.createArgumentArray(ConstructorResolver.java:789)
	... 22 common frames omitted
Caused by: org.springframework.beans.factory.BeanCreationException: Error creating bean with name 'serviceRepository' defined in org.ruzmetov.hotelproject.repository.ServiceRepository defined in @EnableJpaRepositories declared on JpaRepositoriesRegistrar.EnableJpaRepositoriesConfiguration: Could not create query for public abstract org.ruzmetov.hotelproject.entity.Service org.ruzmetov.hotelproject.repository.ServiceRepository.save(); Reason: Failed to create query for method public abstract org.ruzmetov.hotelproject.entity.Service org.ruzmetov.hotelproject.repository.ServiceRepository.save(); No property 'save' found for type 'Service'
	at org.springframework.beans.factory.support.AbstractAutowireCapableBeanFactory.initializeBean(AbstractAutowireCapableBeanFactory.java:1773)
	at org.springframework.beans.factory.support.AbstractAutowireCapableBeanFactory.doCreateBean(AbstractAutowireCapableBeanFactory.java:599)
	at org.springframework.beans.factory.support.AbstractAutowireCapableBeanFactory.createBean(AbstractAutowireCapableBeanFactory.java:521)
	at org.springframework.beans.factory.support.AbstractBeanFactory.lambda$doGetBean$0(AbstractBeanFactory.java:325)
	at org.springframework.beans.factory.support.DefaultSingletonBeanRegistry.getSingleton(DefaultSingletonBeanRegistry.java:234)
	at org.springframework.beans.factory.support.AbstractBeanFactory.doGetBean(AbstractBeanFactory.java:323)
	at org.springframework.beans.factory.support.AbstractBeanFactory.getBean(AbstractBeanFactory.java:199)
	at org.springframework.beans.factory.config.DependencyDescriptor.resolveCandidate(DependencyDescriptor.java:254)
	at org.springframework.beans.factory.support.DefaultListableBeanFactory.doResolveDependency(DefaultListableBeanFactory.java:1443)
	at org.springframework.beans.factory.support.DefaultListableBeanFactory.resolveDependency(DefaultListableBeanFactory.java:1353)
	at org.springframework.beans.factory.support.ConstructorResolver.resolveAutowiredArgument(ConstructorResolver.java:911)
	at org.springframework.beans.factory.support.ConstructorResolver.createArgumentArray(ConstructorResolver.java:789)
	... 36 common frames omitted
Caused by: org.springframework.data.repository.query.QueryCreationException: Could not create query for public abstract org.ruzmetov.hotelproject.entity.Service org.ruzmetov.hotelproject.repository.ServiceRepository.save(); Reason: Failed to create query for method public abstract org.ruzmetov.hotelproject.entity.Service org.ruzmetov.hotelproject.repository.ServiceRepository.save(); No property 'save' found for type 'Service'
	at org.springframework.data.repository.query.QueryCreationException.create(QueryCreationException.java:101)
	at org.springframework.data.repository.core.support.QueryExecutorMethodInterceptor.lookupQuery(QueryExecutorMethodInterceptor.java:115)
	at org.springframework.data.repository.core.support.QueryExecutorMethodInterceptor.mapMethodsToQuery(QueryExecutorMethodInterceptor.java:99)
	at org.springframework.data.repository.core.support.QueryExecutorMethodInterceptor.lambda$new$0(QueryExecutorMethodInterceptor.java:88)
	at java.base/java.util.Optional.map(Optional.java:260)
	at org.springframework.data.repository.core.support.QueryExecutorMethodInterceptor.<init>(QueryExecutorMethodInterceptor.java:88)
	at org.springframework.data.repository.core.support.RepositoryFactorySupport.getRepository(RepositoryFactorySupport.java:357)
	at org.springframework.data.repository.core.support.RepositoryFactoryBeanSupport.lambda$afterPropertiesSet$5(RepositoryFactoryBeanSupport.java:279)
	at org.springframework.data.util.Lazy.getNullable(Lazy.java:135)
	at org.springframework.data.util.Lazy.get(Lazy.java:113)
	at org.springframework.data.repository.core.support.RepositoryFactoryBeanSupport.afterPropertiesSet(RepositoryFactoryBeanSupport.java:285)
	at org.springframework.data.jpa.repository.support.JpaRepositoryFactoryBean.afterPropertiesSet(JpaRepositoryFactoryBean.java:132)
	at org.springframework.beans.factory.support.AbstractAutowireCapableBeanFactory.invokeInitMethods(AbstractAutowireCapableBeanFactory.java:1820)
	at org.springframework.beans.factory.support.AbstractAutowireCapableBeanFactory.initializeBean(AbstractAutowireCapableBeanFactory.java:1769)
	... 47 common frames omitted
Caused by: java.lang.IllegalArgumentException: Failed to create query for method public abstract org.ruzmetov.hotelproject.entity.Service org.ruzmetov.hotelproject.repository.ServiceRepository.save(); No property 'save' found for type 'Service'
	at org.springframework.data.jpa.repository.query.PartTreeJpaQuery.<init>(PartTreeJpaQuery.java:107)
	at org.springframework.data.jpa.repository.query.JpaQueryLookupStrategy$CreateQueryLookupStrategy.resolveQuery(JpaQueryLookupStrategy.java:124)
	at org.springframework.data.jpa.repository.query.JpaQueryLookupStrategy$CreateIfNotFoundQueryLookupStrategy.resolveQuery(JpaQueryLookupStrategy.java:258)
	at org.springframework.data.jpa.repository.query.JpaQueryLookupStrategy$AbstractQueryLookupStrategy.resolveQuery(JpaQueryLookupStrategy.java:95)
	at org.springframework.data.repository.core.support.QueryExecutorMethodInterceptor.lookupQuery(QueryExecutorMethodInterceptor.java:111)
	... 59 common frames omitted
Caused by: org.springframework.data.mapping.PropertyReferenceException: No property 'save' found for type 'Service'
	at org.springframework.data.mapping.PropertyPath.<init>(PropertyPath.java:90)
	at org.springframework.data.mapping.PropertyPath.create(PropertyPath.java:443)
	at org.springframework.data.mapping.PropertyPath.create(PropertyPath.java:419)
	at org.springframework.data.mapping.PropertyPath.lambda$from$0(PropertyPath.java:372)
	at java.base/java.util.concurrent.ConcurrentMap.computeIfAbsent(ConcurrentMap.java:330)
	at org.springframework.data.mapping.PropertyPath.from(PropertyPath.java:354)
	at org.springframework.data.mapping.PropertyPath.from(PropertyPath.java:332)
	at org.springframework.data.repository.query.parser.Part.<init>(Part.java:81)
	at org.springframework.data.repository.query.parser.PartTree$OrPart.lambda$new$0(PartTree.java:259)
	at java.base/java.util.stream.ReferencePipeline$3$1.accept(ReferencePipeline.java:197)
	at java.base/java.util.stream.ReferencePipeline$2$1.accept(ReferencePipeline.java:179)
	at java.base/java.util.Spliterators$ArraySpliterator.forEachRemaining(Spliterators.java:1024)
	at java.base/java.util.stream.AbstractPipeline.copyInto(AbstractPipeline.java:509)
	at java.base/java.util.stream.AbstractPipeline.wrapAndCopyInto(AbstractPipeline.java:499)
	at java.base/java.util.stream.ReduceOps$ReduceOp.evaluateSequential(ReduceOps.java:921)
	at java.base/java.util.stream.AbstractPipeline.evaluate(AbstractPipeline.java:234)
	at java.base/java.util.stream.ReferencePipeline.collect(ReferencePipeline.java:682)
	at org.springframework.data.repository.query.parser.PartTree$OrPart.<init>(PartTree.java:260)
	at org.springframework.data.repository.query.parser.PartTree$Predicate.lambda$new$0(PartTree.java:389)
	at java.base/java.util.stream.ReferencePipeline$3$1.accept(ReferencePipeline.java:197)
	at java.base/java.util.stream.ReferencePipeline$2$1.accept(ReferencePipeline.java:179)
	at java.base/java.util.Spliterators$ArraySpliterator.forEachRemaining(Spliterators.java:1024)
	at java.base/java.util.stream.AbstractPipeline.copyInto(AbstractPipeline.java:509)
	at java.base/java.util.stream.AbstractPipeline.wrapAndCopyInto(AbstractPipeline.java:499)
	at java.base/java.util.stream.ReduceOps$ReduceOp.evaluateSequential(ReduceOps.java:921)
	at java.base/java.util.stream.AbstractPipeline.evaluate(AbstractPipeline.java:234)
	at java.base/java.util.stream.ReferencePipeline.collect(ReferencePipeline.java:682)
	at org.springframework.data.repository.query.parser.PartTree$Predicate.<init>(PartTree.java:390)
	at org.springframework.data.repository.query.parser.PartTree.<init>(PartTree.java:100)
	at org.springframework.data.jpa.repository.query.PartTreeJpaQuery.<init>(PartTreeJpaQuery.java:100)
	... 63 common frames omitted
