08.03.2024 14:29:58.040 [restartedMain] INFO  o.r.h.HotelProjectApplication - Starting HotelProjectApplication using Java 21.0.2 with PID 8032 (C:\HotelProjectApp\HotelProject\target\classes started by Tel-ran.de in C:\HotelProjectApp\HotelProject)
08.03.2024 14:29:58.067 [restartedMain] INFO  o.r.h.HotelProjectApplication - No active profile set, falling back to 1 default profile: "default"
08.03.2024 14:29:58.205 [restartedMain] INFO  o.s.b.d.e.DevToolsPropertyDefaultsPostProcessor - Devtools property defaults active! Set 'spring.devtools.add-properties' to 'false' to disable
08.03.2024 14:29:58.206 [restartedMain] INFO  o.s.b.d.e.DevToolsPropertyDefaultsPostProcessor - For additional web related logging consider setting the 'logging.level.web' property to 'DEBUG'
08.03.2024 14:30:01.132 [restartedMain] INFO  o.s.d.r.c.RepositoryConfigurationDelegate - Bootstrapping Spring Data JPA repositories in DEFAULT mode.
08.03.2024 14:30:01.336 [restartedMain] INFO  o.s.d.r.c.RepositoryConfigurationDelegate - Finished Spring Data repository scanning in 185 ms. Found 6 JPA repository interfaces.
08.03.2024 14:30:03.532 [restartedMain] INFO  o.s.b.w.e.t.TomcatWebServer - Tomcat initialized with port 8080 (http)
08.03.2024 14:30:03.564 [restartedMain] INFO  o.a.c.c.StandardService - Starting service [Tomcat]
08.03.2024 14:30:03.564 [restartedMain] INFO  o.a.c.c.StandardEngine - Starting Servlet engine: [Apache Tomcat/10.1.17]
08.03.2024 14:30:03.702 [restartedMain] INFO  o.a.c.c.C.[.[.[/] - Initializing Spring embedded WebApplicationContext
08.03.2024 14:30:03.703 [restartedMain] INFO  o.s.b.w.s.c.ServletWebServerApplicationContext - Root WebApplicationContext: initialization completed in 5494 ms
08.03.2024 14:30:04.180 [restartedMain] INFO  c.z.h.HikariDataSource - HikariPool-1 - Starting...
08.03.2024 14:30:05.223 [restartedMain] INFO  c.z.h.p.HikariPool - HikariPool-1 - Added connection com.mysql.cj.jdbc.ConnectionImpl@1069ff70
08.03.2024 14:30:05.230 [restartedMain] INFO  c.z.h.HikariDataSource - HikariPool-1 - Start completed.
08.03.2024 14:30:06.289 [restartedMain] INFO  l.lockservice - Successfully acquired change log lock
08.03.2024 14:30:06.299 [restartedMain] INFO  liquibase.command - Dropping Database Objects in schema: 300523_m_be_hotel.300523_m_be_hotel
08.03.2024 14:30:07.363 [restartedMain] INFO  liquibase.database - Successfully deleted all supported object types in schema 300523_m_be_hotel.300523_m_be_hotel.
08.03.2024 14:30:07.410 [restartedMain] WARN  l.lockservice - Failed to release change log lock
08.03.2024 14:30:07.417 [restartedMain] INFO  liquibase.ui - All objects dropped from root@localhost@jdbc:mysql://localhost:3306/300523_m_be_hotel
08.03.2024 14:30:07.418 [restartedMain] INFO  liquibase.command - Command execution complete
08.03.2024 14:30:08.195 [restartedMain] INFO  liquibase.changelog - Creating database history table with name: `300523_m_be_hotel`.databasechangelog
08.03.2024 14:30:08.276 [restartedMain] INFO  liquibase.changelog - Reading from `300523_m_be_hotel`.databasechangelog
08.03.2024 14:30:08.708 [restartedMain] WARN  liquibase.changelog - liquibase.statement.core.CreateSequenceStatement is not supported on mysql, but createSequence will still execute
08.03.2024 14:30:08.743 [restartedMain] WARN  liquibase.changelog - liquibase.statement.core.CreateSequenceStatement is not supported on mysql, but createSequence will still execute
08.03.2024 14:30:08.764 [restartedMain] INFO  l.lockservice - Successfully acquired change log lock
08.03.2024 14:30:08.765 [restartedMain] INFO  liquibase.command - Using deploymentId: 9904608765
08.03.2024 14:30:08.768 [restartedMain] INFO  liquibase.changelog - Reading from `300523_m_be_hotel`.databasechangelog
08.03.2024 14:30:08.854 [restartedMain] INFO  liquibase.ui - Running Changeset: db/changelog/changes/v0.0.1-SNAPSHOT/drop-tables-changelog.xml::drop reservation table::b.ruzmetov
08.03.2024 14:30:08.877 [restartedMain] INFO  liquibase.changelog - Marking ChangeSet: "db/changelog/changes/v0.0.1-SNAPSHOT/drop-tables-changelog.xml::drop reservation table::b.ruzmetov" as ran despite precondition failure due to onFail='MARK_RAN': 
          db/changelog/changelog-master.xml : Table `300523_m_be_hotel`.reservation does not exist

08.03.2024 14:30:08.890 [restartedMain] INFO  liquibase.ui - Running Changeset: db/changelog/changes/v0.0.1-SNAPSHOT/drop-tables-changelog.xml::drop payment table::b.ruzmetov
08.03.2024 14:30:08.908 [restartedMain] INFO  liquibase.changelog - Marking ChangeSet: "db/changelog/changes/v0.0.1-SNAPSHOT/drop-tables-changelog.xml::drop payment table::b.ruzmetov" as ran despite precondition failure due to onFail='MARK_RAN': 
          db/changelog/changelog-master.xml : Table `300523_m_be_hotel`.payment does not exist

08.03.2024 14:30:08.916 [restartedMain] INFO  liquibase.ui - Running Changeset: db/changelog/changes/v0.0.1-SNAPSHOT/drop-tables-changelog.xml::drop service table::b.ruzmetov
08.03.2024 14:30:08.942 [restartedMain] INFO  liquibase.changelog - Marking ChangeSet: "db/changelog/changes/v0.0.1-SNAPSHOT/drop-tables-changelog.xml::drop service table::b.ruzmetov" as ran despite precondition failure due to onFail='MARK_RAN': 
          db/changelog/changelog-master.xml : Table `300523_m_be_hotel`.service does not exist

08.03.2024 14:30:08.952 [restartedMain] INFO  liquibase.ui - Running Changeset: db/changelog/changes/v0.0.1-SNAPSHOT/drop-tables-changelog.xml::drop room table::b.ruzmetov
08.03.2024 14:30:08.986 [restartedMain] INFO  liquibase.changelog - Marking ChangeSet: "db/changelog/changes/v0.0.1-SNAPSHOT/drop-tables-changelog.xml::drop room table::b.ruzmetov" as ran despite precondition failure due to onFail='MARK_RAN': 
          db/changelog/changelog-master.xml : Table `300523_m_be_hotel`.room does not exist

08.03.2024 14:30:08.995 [restartedMain] INFO  liquibase.ui - Running Changeset: db/changelog/changes/v0.0.1-SNAPSHOT/drop-tables-changelog.xml::drop event table::b.ruzmetov
08.03.2024 14:30:09.024 [restartedMain] INFO  liquibase.changelog - Marking ChangeSet: "db/changelog/changes/v0.0.1-SNAPSHOT/drop-tables-changelog.xml::drop event table::b.ruzmetov" as ran despite precondition failure due to onFail='MARK_RAN': 
          db/changelog/changelog-master.xml : Table `300523_m_be_hotel`.event does not exist

08.03.2024 14:30:09.039 [restartedMain] INFO  liquibase.ui - Running Changeset: db/changelog/changes/v0.0.1-SNAPSHOT/drop-tables-changelog.xml::drop customer table::b.ruzmetov
08.03.2024 14:30:09.059 [restartedMain] INFO  liquibase.changelog - Marking ChangeSet: "db/changelog/changes/v0.0.1-SNAPSHOT/drop-tables-changelog.xml::drop customer table::b.ruzmetov" as ran despite precondition failure due to onFail='MARK_RAN': 
          db/changelog/changelog-master.xml : Table `300523_m_be_hotel`.customer does not exist

08.03.2024 14:30:09.067 [restartedMain] INFO  liquibase.ui - Running Changeset: db/changelog/changes/v0.0.1-SNAPSHOT/create-tables-changelog.xml::create room table::b.ruzmetov
08.03.2024 14:30:09.118 [restartedMain] INFO  liquibase.changelog - Table room created
08.03.2024 14:30:09.120 [restartedMain] INFO  liquibase.changelog - ChangeSet db/changelog/changes/v0.0.1-SNAPSHOT/create-tables-changelog.xml::create room table::b.ruzmetov ran successfully in 52ms
08.03.2024 14:30:09.138 [restartedMain] INFO  liquibase.ui - Running Changeset: db/changelog/changes/v0.0.1-SNAPSHOT/create-tables-changelog.xml::create service table::b.ruzmetov
08.03.2024 14:30:09.199 [restartedMain] INFO  liquibase.changelog - Table service created
08.03.2024 14:30:09.201 [restartedMain] INFO  liquibase.changelog - ChangeSet db/changelog/changes/v0.0.1-SNAPSHOT/create-tables-changelog.xml::create service table::b.ruzmetov ran successfully in 62ms
08.03.2024 14:30:09.211 [restartedMain] INFO  liquibase.ui - Running Changeset: db/changelog/changes/v0.0.1-SNAPSHOT/create-tables-changelog.xml::create event table::b.ruzmetov
08.03.2024 14:30:09.282 [restartedMain] INFO  liquibase.changelog - Table event created
08.03.2024 14:30:09.283 [restartedMain] INFO  liquibase.changelog - ChangeSet db/changelog/changes/v0.0.1-SNAPSHOT/create-tables-changelog.xml::create event table::b.ruzmetov ran successfully in 71ms
08.03.2024 14:30:09.292 [restartedMain] INFO  liquibase.ui - Running Changeset: db/changelog/changes/v0.0.1-SNAPSHOT/create-tables-changelog.xml::create customer table::b.ruzmetov
08.03.2024 14:30:09.341 [restartedMain] INFO  liquibase.changelog - Table customer created
08.03.2024 14:30:09.343 [restartedMain] INFO  liquibase.changelog - ChangeSet db/changelog/changes/v0.0.1-SNAPSHOT/create-tables-changelog.xml::create customer table::b.ruzmetov ran successfully in 51ms
08.03.2024 14:30:09.351 [restartedMain] INFO  liquibase.ui - Running Changeset: db/changelog/changes/v0.0.1-SNAPSHOT/create-tables-changelog.xml::create payment table::b.ruzmetov
08.03.2024 14:30:09.414 [restartedMain] INFO  liquibase.changelog - Table payment created
08.03.2024 14:30:09.415 [restartedMain] INFO  liquibase.changelog - ChangeSet db/changelog/changes/v0.0.1-SNAPSHOT/create-tables-changelog.xml::create payment table::b.ruzmetov ran successfully in 63ms
08.03.2024 14:30:09.424 [restartedMain] INFO  liquibase.ui - Running Changeset: db/changelog/changes/v0.0.1-SNAPSHOT/create-tables-changelog.xml::create reservation table::b.ruzmetov
08.03.2024 14:30:09.484 [restartedMain] INFO  liquibase.changelog - Table reservation created
08.03.2024 14:30:09.485 [restartedMain] INFO  liquibase.changelog - ChangeSet db/changelog/changes/v0.0.1-SNAPSHOT/create-tables-changelog.xml::create reservation table::b.ruzmetov ran successfully in 60ms
08.03.2024 14:30:09.493 [restartedMain] INFO  liquibase.ui - Running Changeset: db/changelog/changes/v0.0.1-SNAPSHOT/create-sequence.xml::create sequence for UUID generator::b.ruzmetov
08.03.2024 14:30:09.495 [restartedMain] INFO  liquibase.changelog - Sequence seq_for_uuid_generator created
08.03.2024 14:30:09.496 [restartedMain] INFO  liquibase.changelog - ChangeSet db/changelog/changes/v0.0.1-SNAPSHOT/create-sequence.xml::create sequence for UUID generator::b.ruzmetov ran successfully in 3ms
08.03.2024 14:30:09.503 [restartedMain] INFO  liquibase.ui - Running Changeset: db/changelog/changes/v0.0.1-SNAPSHOT/insert_test_data_changelog_1.xml::insert test data into service table::b.ruzmetov
08.03.2024 14:30:09.510 [restartedMain] INFO  liquibase.changelog - New row inserted into service
08.03.2024 14:30:09.512 [restartedMain] INFO  liquibase.changelog - ChangeSet db/changelog/changes/v0.0.1-SNAPSHOT/insert_test_data_changelog_1.xml::insert test data into service table::b.ruzmetov ran successfully in 9ms
08.03.2024 14:30:09.518 [restartedMain] INFO  liquibase.ui - Running Changeset: db/changelog/changes/v0.0.1-SNAPSHOT/insert_test_data_changelog_1.xml::insert test data into room table::b.ruzmetov
08.03.2024 14:30:09.525 [restartedMain] INFO  liquibase.changelog - New row inserted into room
08.03.2024 14:30:09.528 [restartedMain] INFO  liquibase.changelog - ChangeSet db/changelog/changes/v0.0.1-SNAPSHOT/insert_test_data_changelog_1.xml::insert test data into room table::b.ruzmetov ran successfully in 9ms
08.03.2024 14:30:09.535 [restartedMain] INFO  liquibase.ui - Running Changeset: db/changelog/changes/v0.0.1-SNAPSHOT/insert_test_data_changelog_1.xml::insert test data into event table::b.ruzmetov
08.03.2024 14:30:09.541 [restartedMain] INFO  liquibase.changelog - New row inserted into event
08.03.2024 14:30:09.543 [restartedMain] INFO  liquibase.changelog - ChangeSet db/changelog/changes/v0.0.1-SNAPSHOT/insert_test_data_changelog_1.xml::insert test data into event table::b.ruzmetov ran successfully in 8ms
08.03.2024 14:30:09.552 [restartedMain] INFO  liquibase.ui - Running Changeset: db/changelog/changes/v0.0.1-SNAPSHOT/insert_test_data_changelog_1.xml::insert test data into customer table::b.ruzmetov
08.03.2024 14:30:09.560 [restartedMain] INFO  liquibase.changelog - New row inserted into customer
08.03.2024 14:30:09.563 [restartedMain] INFO  liquibase.changelog - ChangeSet db/changelog/changes/v0.0.1-SNAPSHOT/insert_test_data_changelog_1.xml::insert test data into customer table::b.ruzmetov ran successfully in 10ms
08.03.2024 14:30:09.573 [restartedMain] INFO  liquibase.ui - Running Changeset: db/changelog/changes/v0.0.1-SNAPSHOT/insert_test_data_changelog_1.xml::insert test data into payment table::b.ruzmetov
08.03.2024 14:30:09.579 [restartedMain] INFO  liquibase.changelog - New row inserted into payment
08.03.2024 14:30:09.582 [restartedMain] INFO  liquibase.changelog - ChangeSet db/changelog/changes/v0.0.1-SNAPSHOT/insert_test_data_changelog_1.xml::insert test data into payment table::b.ruzmetov ran successfully in 9ms
08.03.2024 14:30:09.591 [restartedMain] INFO  liquibase.ui - Running Changeset: db/changelog/changes/v0.0.1-SNAPSHOT/insert_test_data_changelog_1.xml::insert test data into reservation table::b.ruzmetov
08.03.2024 14:30:09.603 [restartedMain] INFO  liquibase.changelog - New row inserted into reservation
08.03.2024 14:30:09.607 [restartedMain] INFO  liquibase.changelog - ChangeSet db/changelog/changes/v0.0.1-SNAPSHOT/insert_test_data_changelog_1.xml::insert test data into reservation table::b.ruzmetov ran successfully in 16ms
08.03.2024 14:30:09.618 [restartedMain] INFO  liquibase.ui - Running Changeset: db/changelog/changes/v0.0.1-SNAPSHOT/insert_test_data_changelog_2.xml::insert test data into service table::b.ruzmetov
08.03.2024 14:30:09.624 [restartedMain] INFO  liquibase.changelog - New row inserted into service
08.03.2024 14:30:09.627 [restartedMain] INFO  liquibase.changelog - ChangeSet db/changelog/changes/v0.0.1-SNAPSHOT/insert_test_data_changelog_2.xml::insert test data into service table::b.ruzmetov ran successfully in 9ms
08.03.2024 14:30:09.635 [restartedMain] INFO  liquibase.ui - Running Changeset: db/changelog/changes/v0.0.1-SNAPSHOT/insert_test_data_changelog_2.xml::insert test data into room table::b.ruzmetov
08.03.2024 14:30:09.641 [restartedMain] INFO  liquibase.changelog - New row inserted into room
08.03.2024 14:30:09.643 [restartedMain] INFO  liquibase.changelog - ChangeSet db/changelog/changes/v0.0.1-SNAPSHOT/insert_test_data_changelog_2.xml::insert test data into room table::b.ruzmetov ran successfully in 8ms
08.03.2024 14:30:09.656 [restartedMain] INFO  liquibase.ui - Running Changeset: db/changelog/changes/v0.0.1-SNAPSHOT/insert_test_data_changelog_2.xml::insert test data into event table::b.ruzmetov
08.03.2024 14:30:09.661 [restartedMain] INFO  liquibase.changelog - New row inserted into event
08.03.2024 14:30:09.664 [restartedMain] INFO  liquibase.changelog - ChangeSet db/changelog/changes/v0.0.1-SNAPSHOT/insert_test_data_changelog_2.xml::insert test data into event table::b.ruzmetov ran successfully in 8ms
08.03.2024 14:30:09.674 [restartedMain] INFO  liquibase.ui - Running Changeset: db/changelog/changes/v0.0.1-SNAPSHOT/insert_test_data_changelog_2.xml::insert test data into customer table::b.ruzmetov
08.03.2024 14:30:09.681 [restartedMain] INFO  liquibase.changelog - New row inserted into customer
08.03.2024 14:30:09.684 [restartedMain] INFO  liquibase.changelog - ChangeSet db/changelog/changes/v0.0.1-SNAPSHOT/insert_test_data_changelog_2.xml::insert test data into customer table::b.ruzmetov ran successfully in 7ms
08.03.2024 14:30:09.691 [restartedMain] INFO  liquibase.ui - Running Changeset: db/changelog/changes/v0.0.1-SNAPSHOT/insert_test_data_changelog_2.xml::insert test data into payment table::b.ruzmetov
08.03.2024 14:30:09.695 [restartedMain] INFO  liquibase.changelog - New row inserted into payment
08.03.2024 14:30:09.698 [restartedMain] INFO  liquibase.changelog - ChangeSet db/changelog/changes/v0.0.1-SNAPSHOT/insert_test_data_changelog_2.xml::insert test data into payment table::b.ruzmetov ran successfully in 6ms
08.03.2024 14:30:09.705 [restartedMain] INFO  liquibase.ui - Running Changeset: db/changelog/changes/v0.0.1-SNAPSHOT/insert_test_data_changelog_2.xml::insert test data into reservation table::b.ruzmetov
08.03.2024 14:30:09.709 [restartedMain] INFO  liquibase.changelog - New row inserted into reservation
08.03.2024 14:30:09.711 [restartedMain] INFO  liquibase.changelog - ChangeSet db/changelog/changes/v0.0.1-SNAPSHOT/insert_test_data_changelog_2.xml::insert test data into reservation table::b.ruzmetov ran successfully in 6ms
08.03.2024 14:30:09.717 [restartedMain] INFO  liquibase.ui - Running Changeset: db/changelog/changes/v0.0.1-SNAPSHOT/insert_test_data_changelog_3.xml::insert test data into service table::b.ruzmetov
08.03.2024 14:30:09.723 [restartedMain] INFO  liquibase.changelog - New row inserted into service
08.03.2024 14:30:09.725 [restartedMain] INFO  liquibase.changelog - ChangeSet db/changelog/changes/v0.0.1-SNAPSHOT/insert_test_data_changelog_3.xml::insert test data into service table::b.ruzmetov ran successfully in 7ms
08.03.2024 14:30:09.733 [restartedMain] INFO  liquibase.ui - Running Changeset: db/changelog/changes/v0.0.1-SNAPSHOT/insert_test_data_changelog_3.xml::insert test data into room table::b.ruzmetov
08.03.2024 14:30:09.737 [restartedMain] INFO  liquibase.changelog - New row inserted into room
08.03.2024 14:30:09.740 [restartedMain] INFO  liquibase.changelog - ChangeSet db/changelog/changes/v0.0.1-SNAPSHOT/insert_test_data_changelog_3.xml::insert test data into room table::b.ruzmetov ran successfully in 6ms
08.03.2024 14:30:09.748 [restartedMain] INFO  liquibase.ui - Running Changeset: db/changelog/changes/v0.0.1-SNAPSHOT/insert_test_data_changelog_3.xml::insert test data into event table::b.ruzmetov
08.03.2024 14:30:09.751 [restartedMain] INFO  liquibase.changelog - New row inserted into event
08.03.2024 14:30:09.754 [restartedMain] INFO  liquibase.changelog - ChangeSet db/changelog/changes/v0.0.1-SNAPSHOT/insert_test_data_changelog_3.xml::insert test data into event table::b.ruzmetov ran successfully in 6ms
08.03.2024 14:30:09.761 [restartedMain] INFO  liquibase.ui - Running Changeset: db/changelog/changes/v0.0.1-SNAPSHOT/insert_test_data_changelog_3.xml::insert test data into customer table::b.ruzmetov
08.03.2024 14:30:09.766 [restartedMain] INFO  liquibase.changelog - New row inserted into customer
08.03.2024 14:30:09.769 [restartedMain] INFO  liquibase.changelog - ChangeSet db/changelog/changes/v0.0.1-SNAPSHOT/insert_test_data_changelog_3.xml::insert test data into customer table::b.ruzmetov ran successfully in 8ms
08.03.2024 14:30:09.776 [restartedMain] INFO  liquibase.ui - Running Changeset: db/changelog/changes/v0.0.1-SNAPSHOT/insert_test_data_changelog_3.xml::insert test data into payment table::b.ruzmetov
08.03.2024 14:30:09.788 [restartedMain] INFO  liquibase.changelog - New row inserted into payment
08.03.2024 14:30:09.791 [restartedMain] INFO  liquibase.changelog - ChangeSet db/changelog/changes/v0.0.1-SNAPSHOT/insert_test_data_changelog_3.xml::insert test data into payment table::b.ruzmetov ran successfully in 14ms
08.03.2024 14:30:09.801 [restartedMain] INFO  liquibase.ui - Running Changeset: db/changelog/changes/v0.0.1-SNAPSHOT/insert_test_data_changelog_3.xml::insert test data into reservation table::b.ruzmetov
08.03.2024 14:30:09.806 [restartedMain] INFO  liquibase.changelog - New row inserted into reservation
08.03.2024 14:30:09.810 [restartedMain] INFO  liquibase.changelog - ChangeSet db/changelog/changes/v0.0.1-SNAPSHOT/insert_test_data_changelog_3.xml::insert test data into reservation table::b.ruzmetov ran successfully in 9ms
08.03.2024 14:30:09.821 [restartedMain] INFO  liquibase.ui - Running Changeset: db/changelog/changes/v0.0.1-SNAPSHOT/insert_test_data_changelog_4.xml::insert test data into service table::b.ruzmetov
08.03.2024 14:30:09.828 [restartedMain] INFO  liquibase.changelog - New row inserted into service
08.03.2024 14:30:09.834 [restartedMain] INFO  liquibase.changelog - ChangeSet db/changelog/changes/v0.0.1-SNAPSHOT/insert_test_data_changelog_4.xml::insert test data into service table::b.ruzmetov ran successfully in 12ms
08.03.2024 14:30:09.844 [restartedMain] INFO  liquibase.ui - Running Changeset: db/changelog/changes/v0.0.1-SNAPSHOT/insert_test_data_changelog_4.xml::insert test data into room table::b.ruzmetov
08.03.2024 14:30:09.849 [restartedMain] INFO  liquibase.changelog - New row inserted into room
08.03.2024 14:30:09.853 [restartedMain] INFO  liquibase.changelog - ChangeSet db/changelog/changes/v0.0.1-SNAPSHOT/insert_test_data_changelog_4.xml::insert test data into room table::b.ruzmetov ran successfully in 7ms
08.03.2024 14:30:09.887 [restartedMain] INFO  liquibase.ui - Running Changeset: db/changelog/changes/v0.0.1-SNAPSHOT/insert_test_data_changelog_4.xml::insert test data into event table::b.ruzmetov
08.03.2024 14:30:09.895 [restartedMain] INFO  liquibase.changelog - New row inserted into event
08.03.2024 14:30:09.898 [restartedMain] INFO  liquibase.changelog - ChangeSet db/changelog/changes/v0.0.1-SNAPSHOT/insert_test_data_changelog_4.xml::insert test data into event table::b.ruzmetov ran successfully in 10ms
08.03.2024 14:30:09.906 [restartedMain] INFO  liquibase.ui - Running Changeset: db/changelog/changes/v0.0.1-SNAPSHOT/insert_test_data_changelog_4.xml::insert test data into customer table::b.ruzmetov
08.03.2024 14:30:09.912 [restartedMain] INFO  liquibase.changelog - New row inserted into customer
08.03.2024 14:30:09.915 [restartedMain] INFO  liquibase.changelog - ChangeSet db/changelog/changes/v0.0.1-SNAPSHOT/insert_test_data_changelog_4.xml::insert test data into customer table::b.ruzmetov ran successfully in 8ms
08.03.2024 14:30:09.922 [restartedMain] INFO  liquibase.ui - Running Changeset: db/changelog/changes/v0.0.1-SNAPSHOT/insert_test_data_changelog_4.xml::insert test data into payment table::b.ruzmetov
08.03.2024 14:30:09.927 [restartedMain] INFO  liquibase.changelog - New row inserted into payment
08.03.2024 14:30:09.935 [restartedMain] INFO  liquibase.changelog - ChangeSet db/changelog/changes/v0.0.1-SNAPSHOT/insert_test_data_changelog_4.xml::insert test data into payment table::b.ruzmetov ran successfully in 12ms
08.03.2024 14:30:09.946 [restartedMain] INFO  liquibase.ui - Running Changeset: db/changelog/changes/v0.0.1-SNAPSHOT/insert_test_data_changelog_4.xml::insert test data into reservation table::b.ruzmetov
08.03.2024 14:30:09.951 [restartedMain] INFO  liquibase.changelog - New row inserted into reservation
08.03.2024 14:30:09.954 [restartedMain] INFO  liquibase.changelog - ChangeSet db/changelog/changes/v0.0.1-SNAPSHOT/insert_test_data_changelog_4.xml::insert test data into reservation table::b.ruzmetov ran successfully in 7ms
08.03.2024 14:30:09.974 [restartedMain] INFO  liquibase.util - UPDATE SUMMARY
08.03.2024 14:30:09.975 [restartedMain] INFO  liquibase.util - Run:                         37
08.03.2024 14:30:09.975 [restartedMain] INFO  liquibase.util - Previously run:               0
08.03.2024 14:30:09.975 [restartedMain] INFO  liquibase.util - Filtered out:                 0
08.03.2024 14:30:09.975 [restartedMain] INFO  liquibase.util - -------------------------------
08.03.2024 14:30:09.975 [restartedMain] INFO  liquibase.util - Total change sets:           37
08.03.2024 14:30:09.976 [restartedMain] INFO  liquibase.util - Update summary generated
08.03.2024 14:30:09.982 [restartedMain] INFO  liquibase.command - Update command completed successfully.
08.03.2024 14:30:09.982 [restartedMain] INFO  liquibase.ui - Liquibase: Update has been successful. Rows affected: 61
08.03.2024 14:30:09.994 [restartedMain] INFO  l.lockservice - Successfully released change log lock
08.03.2024 14:30:09.996 [restartedMain] INFO  liquibase.command - Command execution complete
08.03.2024 14:30:10.546 [restartedMain] INFO  o.h.j.i.u.LogHelper - HHH000204: Processing PersistenceUnitInfo [name: default]
08.03.2024 14:30:10.697 [restartedMain] INFO  o.hibernate.Version - HHH000412: Hibernate ORM core version 6.4.1.Final
08.03.2024 14:30:10.764 [restartedMain] INFO  o.h.c.i.RegionFactoryInitiator - HHH000026: Second-level cache disabled
08.03.2024 14:30:11.317 [restartedMain] INFO  o.s.o.j.p.SpringPersistenceUnitInfo - No LoadTimeWeaver setup: ignoring JPA class transformer
08.03.2024 14:30:11.409 [restartedMain] WARN  o.h.orm.deprecation - HHH90000025: MySQLDialect does not need to be specified explicitly using 'hibernate.dialect' (remove the property setting and it will be selected by default)
08.03.2024 14:30:14.640 [restartedMain] INFO  o.h.e.t.j.p.i.JtaPlatformInitiator - HHH000489: No JTA platform available (set 'hibernate.transaction.jta.platform' to enable JTA platform integration)
08.03.2024 14:30:14.648 [restartedMain] INFO  o.s.o.j.LocalContainerEntityManagerFactoryBean - Initialized JPA EntityManagerFactory for persistence unit 'default'
08.03.2024 14:30:17.026 [restartedMain] WARN  o.s.b.a.o.j.JpaBaseConfiguration$JpaWebConfiguration - spring.jpa.open-in-view is enabled by default. Therefore, database queries may be performed during view rendering. Explicitly configure spring.jpa.open-in-view to disable this warning
08.03.2024 14:30:17.107 [restartedMain] INFO  o.s.b.a.w.s.WelcomePageHandlerMapping - Adding welcome page template: index
08.03.2024 14:30:18.104 [restartedMain] INFO  o.s.b.d.a.OptionalLiveReloadServer - LiveReload server is running on port 35729
08.03.2024 14:30:18.189 [restartedMain] INFO  o.s.b.w.e.t.TomcatWebServer - Tomcat started on port 8080 (http) with context path ''
08.03.2024 14:30:18.204 [restartedMain] INFO  o.r.h.HotelProjectApplication - Started HotelProjectApplication in 22.542 seconds (process running for 26.289)
